<?xml version="1.0" encoding="UTF-8"?>
<!-- Generated by org.testng.reporters.JUnitReportReporter -->
<testsuite skipped="0" hostname="EC2AMAZ-J5GP1U8" name="task1.TestingClass1" tests="2" failures="0" timestamp="2021-08-30T05:40:25 UTC" time="0.026" errors="0">
  <testcase name="testcase1" time="0.014" classname="task1.TestingClass1"/>
  <system-out/>
  <testcase name="testcase2" time="0.012" classname="task1.TestingClass1"/>
  <system-out/>
</testsuite> <!-- task1.TestingClass1 -->
